2026-01-28 23:35:31,266 | INFO | flet | Assets path configured: C:\Users\cerra\codigo\flet\smart-shopping\assets
2026-01-28 23:35:31,272 | INFO | flet | Starting up TCP server on localhost:56345
2026-01-28 23:35:31,288 | INFO | flet | Flet app has started...
2026-01-28 23:35:31,293 | INFO | flet | App URL: tcp://localhost:56345
2026-01-28 23:35:31,293 | INFO | flet_desktop | Starting Flet View app...
2026-01-28 23:35:31,295 | INFO | flet_desktop | Looking for Flet executable at: C:\Users\cerra\codigo\flet\.venv\Lib\site-packages\flet_desktop\app\flet\flet.exe
2026-01-28 23:35:31,295 | INFO | flet_desktop | Flet View found in: C:\Users\cerra\codigo\flet\.venv\Lib\site-packages\flet_desktop\app\flet\flet.exe
2026-01-28 23:35:32,314 | INFO | flet | App session started
2026-01-28 23:35:32,328 | INFO | App | Base de datos inicializada
2026-01-28 23:35:32,351 | INFO | Router | Navigating to: /
2026-01-28 23:35:32,369 | INFO | App | Aplicação iniciada com sucesso
2026-01-28 23:43:33,880 | INFO | flet | Assets path configured: C:\Users\cerra\codigo\flet\assets
2026-01-28 23:43:33,882 | INFO | flet | Starting up TCP server on localhost:50113
2026-01-28 23:43:33,895 | INFO | flet | Flet app has started...
2026-01-28 23:43:33,900 | INFO | flet | App URL: tcp://localhost:50113
2026-01-28 23:43:33,900 | INFO | flet_desktop | Starting Flet View app...
2026-01-28 23:43:33,903 | INFO | flet_desktop | Looking for Flet executable at: C:\Users\cerra\codigo\flet\.venv\Lib\site-packages\flet_desktop\app\flet\flet.exe
2026-01-28 23:43:33,904 | INFO | flet_desktop | Flet View found in: C:\Users\cerra\codigo\flet\.venv\Lib\site-packages\flet_desktop\app\flet\flet.exe
2026-01-28 23:43:34,536 | INFO | flet | App session started
2026-01-28 23:43:34,545 | INFO | App | Base de datos inicializada
2026-01-28 23:43:34,560 | INFO | Router | Navigating to: /
2026-01-28 23:43:34,582 | INFO | App | Aplicação iniciada com sucesso
2026-01-29 00:00:52,774 | INFO | flet | Assets path configured: C:\Users\cerra\codigo\flet\assets
2026-01-29 00:00:52,776 | INFO | flet | Starting up TCP server on localhost:49367
2026-01-29 00:00:52,789 | INFO | flet | Flet app has started...
2026-01-29 00:00:52,794 | INFO | flet | App URL: tcp://localhost:49367
2026-01-29 00:00:52,794 | INFO | flet_desktop | Starting Flet View app...
2026-01-29 00:00:52,797 | INFO | flet_desktop | Looking for Flet executable at: C:\Users\cerra\codigo\flet\.venv\Lib\site-packages\flet_desktop\app\flet\flet.exe
2026-01-29 00:00:52,797 | INFO | flet_desktop | Flet View found in: C:\Users\cerra\codigo\flet\.venv\Lib\site-packages\flet_desktop\app\flet\flet.exe
2026-01-29 00:00:53,401 | INFO | flet | App session started
2026-01-29 00:00:53,410 | INFO | App | Base de datos inicializada
2026-01-29 00:00:53,424 | INFO | Router | Navigating to: /
2026-01-29 00:00:53,441 | INFO | App | Aplicação iniciada com sucesso
2026-01-29 00:04:47,401 | INFO | Router | Navigating to: /settings
2026-01-29 00:05:02,867 | INFO | Router | Navigating to: /
2026-01-29 21:23:38,485 | INFO | flet | Assets path configured: C:\Users\cerra\codigo\flet\assets
2026-01-29 21:23:38,485 | INFO | flet | Starting up TCP server on localhost:63072
2026-01-29 21:23:38,497 | INFO | flet | Flet app has started...
2026-01-29 21:23:38,503 | INFO | flet | App URL: tcp://localhost:63072
2026-01-29 21:23:38,503 | INFO | flet_desktop | Starting Flet View app...
2026-01-29 21:23:38,506 | INFO | flet_desktop | Looking for Flet executable at: C:\Users\cerra\codigo\flet\.venv\Lib\site-packages\flet_desktop\app\flet\flet.exe
2026-01-29 21:23:38,506 | INFO | flet_desktop | Flet View found in: C:\Users\cerra\codigo\flet\.venv\Lib\site-packages\flet_desktop\app\flet\flet.exe
2026-01-29 21:23:40,684 | INFO | flet | App session started
2026-01-29 21:23:40,688 | INFO | App | Base de datos inicializada
2026-01-29 21:23:40,732 | INFO | Router | Navigating to: /
2026-01-29 21:23:40,752 | INFO | App | Aplicação iniciada com sucesso
2026-01-29 21:23:47,032 | INFO | Router | Navigating to: /expenses
2026-01-29 21:23:47,984 | ERROR | Router | Error rendering view
Traceback (most recent call last):
  File "C:\Users\cerra\codigo\flet\core\router.py", line 29, in navigate
    view = routes[route](self.page, self)
           ^^^^^^^^^^^^^^^^^^^^^^^^^^^^^^
  File "C:\Users\cerra\codigo\flet\configs\routes.py", line 66, in <lambda>
    return lambda page, router: load_view(path)(page, router).render()
                                ^^^^^^^^^^^^^^^^^^^^^^^^^^^^^
  File "C:\Users\cerra\codigo\flet\views\pages\expenses_view.py", line 49, in __init__
    self.categoria_dropdown = ft.Dropdown(
                              ^^^^^^^^^^^^
TypeError: Dropdown.__init__() got an unexpected keyword argument 'on_change'
2026-01-29 21:25:55,262 | INFO | flet | Assets path configured: C:\Users\cerra\codigo\flet\assets
2026-01-29 21:25:55,267 | INFO | flet | Starting up TCP server on localhost:58179
2026-01-29 21:25:55,278 | INFO | flet | Flet app has started...
2026-01-29 21:25:55,283 | INFO | flet | App URL: tcp://localhost:58179
2026-01-29 21:25:55,283 | INFO | flet_desktop | Starting Flet View app...
2026-01-29 21:25:55,283 | INFO | flet_desktop | Looking for Flet executable at: C:\Users\cerra\codigo\flet\.venv\Lib\site-packages\flet_desktop\app\flet\flet.exe
2026-01-29 21:25:55,283 | INFO | flet_desktop | Flet View found in: C:\Users\cerra\codigo\flet\.venv\Lib\site-packages\flet_desktop\app\flet\flet.exe
2026-01-29 21:25:55,755 | INFO | flet | App session started
2026-01-29 21:25:55,764 | INFO | App | Base de datos inicializada
2026-01-29 21:25:55,777 | INFO | Router | Navigating to: /
2026-01-29 21:25:55,793 | INFO | App | Aplicação iniciada com sucesso
2026-01-29 21:25:59,607 | INFO | Router | Navigating to: /expenses
2026-01-29 21:25:59,792 | ERROR | Router | Error rendering view
Traceback (most recent call last):
  File "C:\Users\cerra\codigo\flet\core\router.py", line 29, in navigate
    view = routes[route](self.page, self)
           ^^^^^^^^^^^^^^^^^^^^^^^^^^^^^^
  File "C:\Users\cerra\codigo\flet\configs\routes.py", line 66, in <lambda>
    return lambda page, router: load_view(path)(page, router).render()
                                ^^^^^^^^^^^^^^^^^^^^^^^^^^^^^^^^^^^^^^
  File "C:\Users\cerra\codigo\flet\views\pages\expenses_view.py", line 153, in render
    border=ft.border.all(1, ft.colors.OUTLINE),
                            ^^^^^^^^^
  File "C:\Users\cerra\codigo\flet\.venv\Lib\site-packages\flet\__init__.py", line 1159, in __getattr__
    raise AttributeError(f"module {__name__!r} has no attribute {name!r}")
AttributeError: module 'flet' has no attribute 'colors'. Did you mean: 'Colors'?
2026-01-29 21:39:43,040 | INFO | flet | Assets path configured: C:\Users\cerra\codigo\flet\assets
2026-01-29 21:39:43,043 | INFO | flet | Starting up TCP server on localhost:59274
2026-01-29 21:39:43,057 | INFO | flet | Flet app has started...
2026-01-29 21:39:43,062 | INFO | flet | App URL: tcp://localhost:59274
2026-01-29 21:39:43,062 | INFO | flet_desktop | Starting Flet View app...
2026-01-29 21:39:43,064 | INFO | flet_desktop | Looking for Flet executable at: C:\Users\cerra\codigo\flet\.venv\Lib\site-packages\flet_desktop\app\flet\flet.exe
2026-01-29 21:39:43,064 | INFO | flet_desktop | Flet View found in: C:\Users\cerra\codigo\flet\.venv\Lib\site-packages\flet_desktop\app\flet\flet.exe
2026-01-29 21:39:43,736 | INFO | flet | App session started
2026-01-29 21:39:43,746 | INFO | App | Base de datos inicializada
2026-01-29 21:39:43,763 | INFO | Router | Navigating to: /
2026-01-29 21:39:43,778 | INFO | App | Aplicação iniciada com sucesso
2026-01-29 21:39:53,902 | INFO | Router | Navigating to: /expenses
2026-01-29 21:39:54,135 | ERROR | Router | Error rendering view
Traceback (most recent call last):
  File "C:\Users\cerra\codigo\flet\.venv\Lib\site-packages\sqlalchemy\engine\base.py", line 1967, in _exec_single_context
    self.dialect.do_execute(
  File "C:\Users\cerra\codigo\flet\.venv\Lib\site-packages\sqlalchemy\engine\default.py", line 952, in do_execute
    cursor.execute(statement, parameters)
sqlite3.OperationalError: no such table: expenses

The above exception was the direct cause of the following exception:

Traceback (most recent call last):
  File "C:\Users\cerra\codigo\flet\core\router.py", line 29, in navigate
    view = routes[route](self.page, self)
           ^^^^^^^^^^^^^^^^^^^^^^^^^^^^^^
  File "C:\Users\cerra\codigo\flet\configs\routes.py", line 66, in <lambda>
    return lambda page, router: load_view(path)(page, router).render()
                                ^^^^^^^^^^^^^^^^^^^^^^^^^^^^^^^^^^^^^^
  File "C:\Users\cerra\codigo\flet\views\pages\expenses_view.py", line 184, in render
    self._render_expenses()
  File "C:\Users\cerra\codigo\flet\views\pages\expenses_view.py", line 294, in _render_expenses
    expenses = self.controller.list_expenses()
               ^^^^^^^^^^^^^^^^^^^^^^^^^^^^^^^
  File "C:\Users\cerra\codigo\flet\controllers\expense_controller.py", line 51, in list_expenses
    return service.list_expenses()
           ^^^^^^^^^^^^^^^^^^^^^^^
  File "C:\Users\cerra\codigo\flet\services\expense_service.py", line 44, in list_expenses
    expenses = self._repo.get_all()
               ^^^^^^^^^^^^^^^^^^^^
  File "C:\Users\cerra\codigo\flet\repositories\expense_repository.py", line 38, in get_all
    rows = self._session.query(ExpenseTable).all()
           ^^^^^^^^^^^^^^^^^^^^^^^^^^^^^^^^^^^^^^^
  File "C:\Users\cerra\codigo\flet\.venv\Lib\site-packages\sqlalchemy\orm\query.py", line 2704, in all
    return self._iter().all()  # type: ignore
           ^^^^^^^^^^^^
  File "C:\Users\cerra\codigo\flet\.venv\Lib\site-packages\sqlalchemy\orm\query.py", line 2857, in _iter
    result: Union[ScalarResult[_T], Result[_T]] = self.session.execute(
                                                  ^^^^^^^^^^^^^^^^^^^^^
  File "C:\Users\cerra\codigo\flet\.venv\Lib\site-packages\sqlalchemy\orm\session.py", line 2351, in execute
    return self._execute_internal(
           ^^^^^^^^^^^^^^^^^^^^^^^
  File "C:\Users\cerra\codigo\flet\.venv\Lib\site-packages\sqlalchemy\orm\session.py", line 2249, in _execute_internal
    result: Result[Any] = compile_state_cls.orm_execute_statement(
                          ^^^^^^^^^^^^^^^^^^^^^^^^^^^^^^^^^^^^^^^^
  File "C:\Users\cerra\codigo\flet\.venv\Lib\site-packages\sqlalchemy\orm\context.py", line 306, in orm_execute_statement
    result = conn.execute(
             ^^^^^^^^^^^^^
  File "C:\Users\cerra\codigo\flet\.venv\Lib\site-packages\sqlalchemy\engine\base.py", line 1419, in execute
    return meth(
           ^^^^^
  File "C:\Users\cerra\codigo\flet\.venv\Lib\site-packages\sqlalchemy\sql\elements.py", line 527, in _execute_on_connection
    return connection._execute_clauseelement(
           ^^^^^^^^^^^^^^^^^^^^^^^^^^^^^^^^^^
  File "C:\Users\cerra\codigo\flet\.venv\Lib\site-packages\sqlalchemy\engine\base.py", line 1641, in _execute_clauseelement
    ret = self._execute_context(
          ^^^^^^^^^^^^^^^^^^^^^^
  File "C:\Users\cerra\codigo\flet\.venv\Lib\site-packages\sqlalchemy\engine\base.py", line 1846, in _execute_context
    return self._exec_single_context(
           ^^^^^^^^^^^^^^^^^^^^^^^^^^
  File "C:\Users\cerra\codigo\flet\.venv\Lib\site-packages\sqlalchemy\engine\base.py", line 1986, in _exec_single_context
    self._handle_dbapi_exception(
  File "C:\Users\cerra\codigo\flet\.venv\Lib\site-packages\sqlalchemy\engine\base.py", line 2363, in _handle_dbapi_exception
    raise sqlalchemy_exception.with_traceback(exc_info[2]) from e
  File "C:\Users\cerra\codigo\flet\.venv\Lib\site-packages\sqlalchemy\engine\base.py", line 1967, in _exec_single_context
    self.dialect.do_execute(
  File "C:\Users\cerra\codigo\flet\.venv\Lib\site-packages\sqlalchemy\engine\default.py", line 952, in do_execute
    cursor.execute(statement, parameters)
sqlalchemy.exc.OperationalError: (sqlite3.OperationalError) no such table: expenses
[SQL: SELECT expenses.id AS expenses_id, expenses.monto AS expenses_monto, expenses.fecha AS expenses_fecha, expenses.descripcion AS expenses_descripcion, expenses.categoria AS expenses_categoria, expenses.subcategoria AS expenses_subcategoria, expenses.metodo_pago AS expenses_metodo_pago, expenses.es_recurrente AS expenses_es_recurrente, expenses.frecuencia AS expenses_frecuencia, expenses.notas AS expenses_notas, expenses.name AS expenses_name, expenses.price AS expenses_price, expenses.category AS expenses_category, expenses.purchased AS expenses_purchased, expenses.purchase_date AS expenses_purchase_date 
FROM expenses]
(Background on this error at: https://sqlalche.me/e/20/e3q8)
2026-01-29 21:42:11,412 | INFO | flet | Assets path configured: C:\Users\cerra\codigo\flet\assets
2026-01-29 21:42:11,415 | INFO | flet | Starting up TCP server on localhost:51166
2026-01-29 21:42:11,430 | INFO | flet | Flet app has started...
2026-01-29 21:42:11,437 | INFO | flet | App URL: tcp://localhost:51166
2026-01-29 21:42:11,437 | INFO | flet_desktop | Starting Flet View app...
2026-01-29 21:42:11,440 | INFO | flet_desktop | Looking for Flet executable at: C:\Users\cerra\codigo\flet\.venv\Lib\site-packages\flet_desktop\app\flet\flet.exe
2026-01-29 21:42:11,441 | INFO | flet_desktop | Flet View found in: C:\Users\cerra\codigo\flet\.venv\Lib\site-packages\flet_desktop\app\flet\flet.exe
2026-01-29 21:42:12,015 | INFO | flet | App session started
2026-01-29 21:42:12,047 | INFO | App | Base de datos inicializada
2026-01-29 21:42:12,060 | INFO | Router | Navigating to: /
2026-01-29 21:42:12,080 | INFO | App | Aplicação iniciada com sucesso
2026-01-29 21:42:15,467 | INFO | Router | Navigating to: /expenses
2026-01-29 21:56:02,293 | ERROR | flet | Unhandled error in 'on_click' handler
Traceback (most recent call last):
  File "C:\Users\cerra\codigo\flet\.venv\Lib\site-packages\flet\messaging\session.py", line 194, in dispatch_event
    await control._trigger_event(event_name, event_data)
  File "C:\Users\cerra\codigo\flet\.venv\Lib\site-packages\flet\controls\base_control.py", line 344, in _trigger_event
    event_handler(e)
  File "C:\Users\cerra\codigo\flet\views\pages\expenses_view.py", line 280, in _on_add_expense
    self._render_expenses()
  File "C:\Users\cerra\codigo\flet\views\pages\expenses_view.py", line 307, in _render_expenses
    name=ft.icons.ATTACH_MONEY,
         ^^^^^^^^^^^^^^^^^^^^^
AttributeError: module 'flet.controls.material.icons' has no attribute 'ATTACH_MONEY'
2026-01-29 21:59:55,360 | INFO | flet | Assets path configured: C:\Users\cerra\codigo\flet\assets
2026-01-29 21:59:55,362 | INFO | flet | Starting up TCP server on localhost:49974
2026-01-29 21:59:55,374 | INFO | flet | Flet app has started...
2026-01-29 21:59:55,380 | INFO | flet | App URL: tcp://localhost:49974
2026-01-29 21:59:55,380 | INFO | flet_desktop | Starting Flet View app...
2026-01-29 21:59:55,381 | INFO | flet_desktop | Looking for Flet executable at: C:\Users\cerra\codigo\flet\.venv\Lib\site-packages\flet_desktop\app\flet\flet.exe
2026-01-29 21:59:55,381 | INFO | flet_desktop | Flet View found in: C:\Users\cerra\codigo\flet\.venv\Lib\site-packages\flet_desktop\app\flet\flet.exe
2026-01-29 21:59:55,766 | INFO | flet | App session started
2026-01-29 21:59:55,786 | INFO | App | Base de datos inicializada
2026-01-29 21:59:55,801 | INFO | Router | Navigating to: /
2026-01-29 21:59:55,824 | INFO | App | Aplicação iniciada com sucesso
2026-01-29 21:59:59,916 | INFO | Router | Navigating to: /expenses
2026-01-29 22:00:00,116 | ERROR | Router | Error rendering view
Traceback (most recent call last):
  File "C:\Users\cerra\codigo\flet\core\router.py", line 29, in navigate
    view = routes[route](self.page, self)
           ^^^^^^^^^^^^^^^^^^^^^^^^^^^^^^
  File "C:\Users\cerra\codigo\flet\configs\routes.py", line 66, in <lambda>
    return lambda page, router: load_view(path)(page, router).render()
                                ^^^^^^^^^^^^^^^^^^^^^^^^^^^^^^^^^^^^^^
  File "C:\Users\cerra\codigo\flet\views\pages\expenses_view.py", line 184, in render
    self._render_expenses()
  File "C:\Users\cerra\codigo\flet\views\pages\expenses_view.py", line 307, in _render_expenses
    name=ft.icons.ATTACH_MONEY_OUTLINED,
         ^^^^^^^^^^^^^^^^^^^^^^^^^^^^^^
AttributeError: module 'flet.controls.material.icons' has no attribute 'ATTACH_MONEY_OUTLINED'
2026-01-29 22:01:50,137 | INFO | flet | Assets path configured: C:\Users\cerra\codigo\flet\assets
2026-01-29 22:01:50,140 | INFO | flet | Starting up TCP server on localhost:54684
2026-01-29 22:01:50,147 | INFO | flet | Flet app has started...
2026-01-29 22:01:50,152 | INFO | flet | App URL: tcp://localhost:54684
2026-01-29 22:01:50,152 | INFO | flet_desktop | Starting Flet View app...
2026-01-29 22:01:50,153 | INFO | flet_desktop | Looking for Flet executable at: C:\Users\cerra\codigo\flet\.venv\Lib\site-packages\flet_desktop\app\flet\flet.exe
2026-01-29 22:01:50,153 | INFO | flet_desktop | Flet View found in: C:\Users\cerra\codigo\flet\.venv\Lib\site-packages\flet_desktop\app\flet\flet.exe
2026-01-29 22:01:50,512 | INFO | flet | App session started
2026-01-29 22:01:50,524 | INFO | App | Base de datos inicializada
2026-01-29 22:01:50,540 | INFO | Router | Navigating to: /
2026-01-29 22:01:50,554 | INFO | App | Aplicação iniciada com sucesso
2026-01-29 22:01:53,672 | INFO | Router | Navigating to: /expenses
2026-01-29 22:01:53,828 | ERROR | Router | Error rendering view
Traceback (most recent call last):
  File "C:\Users\cerra\codigo\flet\core\router.py", line 29, in navigate
    view = routes[route](self.page, self)
           ^^^^^^^^^^^^^^^^^^^^^^^^^^^^^^
  File "C:\Users\cerra\codigo\flet\configs\routes.py", line 66, in <lambda>
    return lambda page, router: load_view(path)(page, router).render()
                                ^^^^^^^^^^^^^^^^^^^^^^^^^^^^^^^^^^^^^^
  File "C:\Users\cerra\codigo\flet\views\pages\expenses_view.py", line 184, in render
    self._render_expenses()
  File "C:\Users\cerra\codigo\flet\views\pages\expenses_view.py", line 307, in _render_expenses
    name=ft.icons.PAYMENTS_OUTLINED,
         ^^^^^^^^^^^^^^^^^^^^^^^^^^
AttributeError: module 'flet.controls.material.icons' has no attribute 'PAYMENTS_OUTLINED'
2026-01-29 22:02:42,131 | INFO | flet | Assets path configured: C:\Users\cerra\codigo\flet\assets
2026-01-29 22:02:42,133 | INFO | flet | Starting up TCP server on localhost:58466
2026-01-29 22:02:42,139 | INFO | flet | Flet app has started...
2026-01-29 22:02:42,143 | INFO | flet | App URL: tcp://localhost:58466
2026-01-29 22:02:42,144 | INFO | flet_desktop | Starting Flet View app...
2026-01-29 22:02:42,145 | INFO | flet_desktop | Looking for Flet executable at: C:\Users\cerra\codigo\flet\.venv\Lib\site-packages\flet_desktop\app\flet\flet.exe
2026-01-29 22:02:42,145 | INFO | flet_desktop | Flet View found in: C:\Users\cerra\codigo\flet\.venv\Lib\site-packages\flet_desktop\app\flet\flet.exe
2026-01-29 22:02:42,447 | INFO | flet | App session started
2026-01-29 22:02:42,456 | INFO | App | Base de datos inicializada
2026-01-29 22:02:42,467 | INFO | Router | Navigating to: /
2026-01-29 22:02:42,482 | INFO | App | Aplicação iniciada com sucesso
2026-01-29 22:02:44,819 | INFO | Router | Navigating to: /expenses
2026-01-29 22:02:44,950 | ERROR | Router | Error rendering view
Traceback (most recent call last):
  File "C:\Users\cerra\codigo\flet\core\router.py", line 29, in navigate
    view = routes[route](self.page, self)
           ^^^^^^^^^^^^^^^^^^^^^^^^^^^^^^
  File "C:\Users\cerra\codigo\flet\configs\routes.py", line 66, in <lambda>
    return lambda page, router: load_view(path)(page, router).render()
                                ^^^^^^^^^^^^^^^^^^^^^^^^^^^^^^^^^^^^^^
  File "C:\Users\cerra\codigo\flet\views\pages\expenses_view.py", line 184, in render
    self._render_expenses()
  File "C:\Users\cerra\codigo\flet\views\pages\expenses_view.py", line 307, in _render_expenses
    name=ft.icons.SHOPPING_CART,
         ^^^^^^^^^^^^^^^^^^^^^^
AttributeError: module 'flet.controls.material.icons' has no attribute 'SHOPPING_CART'
2026-01-29 22:05:02,238 | INFO | flet | Assets path configured: C:\Users\cerra\codigo\flet\assets
2026-01-29 22:05:02,243 | INFO | flet | Starting up TCP server on localhost:64422
2026-01-29 22:05:02,250 | INFO | flet | Flet app has started...
2026-01-29 22:05:02,254 | INFO | flet | App URL: tcp://localhost:64422
2026-01-29 22:05:02,254 | INFO | flet_desktop | Starting Flet View app...
2026-01-29 22:05:02,255 | INFO | flet_desktop | Looking for Flet executable at: C:\Users\cerra\codigo\flet\.venv\Lib\site-packages\flet_desktop\app\flet\flet.exe
2026-01-29 22:05:02,255 | INFO | flet_desktop | Flet View found in: C:\Users\cerra\codigo\flet\.venv\Lib\site-packages\flet_desktop\app\flet\flet.exe
2026-01-29 22:05:02,520 | INFO | flet | App session started
2026-01-29 22:05:02,529 | INFO | App | Base de datos inicializada
2026-01-29 22:05:02,541 | INFO | Router | Navigating to: /
2026-01-29 22:05:02,560 | INFO | App | Aplicação iniciada com sucesso
2026-01-29 22:05:05,422 | INFO | Router | Navigating to: /expenses
2026-01-29 22:05:05,564 | ERROR | Router | Error rendering view
Traceback (most recent call last):
  File "C:\Users\cerra\codigo\flet\core\router.py", line 29, in navigate
    view = routes[route](self.page, self)
           ^^^^^^^^^^^^^^^^^^^^^^^^^^^^^^
  File "C:\Users\cerra\codigo\flet\configs\routes.py", line 66, in <lambda>
    return lambda page, router: load_view(path)(page, router).render()
                                ^^^^^^^^^^^^^^^^^^^^^^^^^^^^^^^^^^^^^^
  File "C:\Users\cerra\codigo\flet\views\pages\expenses_view.py", line 184, in render
    self._render_expenses()
  File "C:\Users\cerra\codigo\flet\views\pages\expenses_view.py", line 306, in _render_expenses
    ft.Icon(
TypeError: Icon.__init__() got an unexpected keyword argument 'name'
2026-01-29 22:06:28,737 | INFO | flet | Assets path configured: C:\Users\cerra\codigo\flet\assets
2026-01-29 22:06:28,737 | INFO | flet | Starting up TCP server on localhost:58458
2026-01-29 22:06:28,747 | INFO | flet | Flet app has started...
2026-01-29 22:06:28,751 | INFO | flet | App URL: tcp://localhost:58458
2026-01-29 22:06:28,752 | INFO | flet_desktop | Starting Flet View app...
2026-01-29 22:06:28,753 | INFO | flet_desktop | Looking for Flet executable at: C:\Users\cerra\codigo\flet\.venv\Lib\site-packages\flet_desktop\app\flet\flet.exe
2026-01-29 22:06:28,753 | INFO | flet_desktop | Flet View found in: C:\Users\cerra\codigo\flet\.venv\Lib\site-packages\flet_desktop\app\flet\flet.exe
2026-01-29 22:06:29,039 | INFO | flet | App session started
2026-01-29 22:06:29,051 | INFO | App | Base de datos inicializada
2026-01-29 22:06:29,063 | INFO | Router | Navigating to: /
2026-01-29 22:06:29,079 | INFO | App | Aplicação iniciada com sucesso
2026-01-29 22:06:31,660 | INFO | Router | Navigating to: /expenses
2026-01-29 22:14:51,973 | INFO | flet | Assets path configured: C:\Users\cerra\codigo\flet\assets
2026-01-29 22:14:51,974 | INFO | flet | Starting up TCP server on localhost:53190
2026-01-29 22:14:51,980 | INFO | flet | Flet app has started...
2026-01-29 22:14:51,983 | INFO | flet | App URL: tcp://localhost:53190
2026-01-29 22:14:51,983 | INFO | flet_desktop | Starting Flet View app...
2026-01-29 22:14:51,985 | INFO | flet_desktop | Looking for Flet executable at: C:\Users\cerra\codigo\flet\.venv\Lib\site-packages\flet_desktop\app\flet\flet.exe
2026-01-29 22:14:51,985 | INFO | flet_desktop | Flet View found in: C:\Users\cerra\codigo\flet\.venv\Lib\site-packages\flet_desktop\app\flet\flet.exe
2026-01-29 22:14:52,275 | INFO | flet | App session started
2026-01-29 22:14:52,285 | INFO | App | Base de datos inicializada
2026-01-29 22:14:52,296 | INFO | Router | Navigating to: /
2026-01-29 22:14:52,309 | INFO | App | Aplicação iniciada com sucesso
2026-01-29 22:15:10,223 | INFO | Router | Navigating to: /expenses
2026-01-30 21:40:05,179 | INFO | flet | Assets path configured: C:\Users\cerra\codigo\flet\assets
2026-01-30 21:40:05,181 | INFO | flet | Starting up TCP server on localhost:61323
2026-01-30 21:40:05,197 | INFO | flet | Flet app has started...
2026-01-30 21:40:05,206 | INFO | flet | App URL: tcp://localhost:61323
2026-01-30 21:40:05,206 | INFO | flet_desktop | Starting Flet View app...
2026-01-30 21:40:05,208 | INFO | flet_desktop | Looking for Flet executable at: C:\Users\cerra\codigo\flet\.venv\Lib\site-packages\flet_desktop\app\flet\flet.exe
2026-01-30 21:40:05,208 | INFO | flet_desktop | Flet View found in: C:\Users\cerra\codigo\flet\.venv\Lib\site-packages\flet_desktop\app\flet\flet.exe
2026-01-30 21:40:07,001 | INFO | flet | App session started
2026-01-30 21:40:07,060 | INFO | App | Base de datos inicializada
2026-01-30 21:40:07,101 | INFO | Router | Navigating to: /
2026-01-30 21:40:07,127 | INFO | App | Aplicação iniciada com sucesso
2026-01-30 21:40:11,977 | INFO | Router | Navigating to: /family
2026-01-30 21:48:30,383 | INFO | flet | Assets path configured: C:\Users\cerra\codigo\flet\assets
2026-01-30 21:48:30,386 | INFO | flet | Starting up TCP server on localhost:54753
2026-01-30 21:48:30,400 | INFO | flet | Flet app has started...
2026-01-30 21:48:30,406 | INFO | flet | App URL: tcp://localhost:54753
2026-01-30 21:48:30,410 | INFO | flet_desktop | Starting Flet View app...
2026-01-30 21:48:30,413 | INFO | flet_desktop | Looking for Flet executable at: C:\Users\cerra\codigo\flet\.venv\Lib\site-packages\flet_desktop\app\flet\flet.exe
2026-01-30 21:48:30,414 | INFO | flet_desktop | Flet View found in: C:\Users\cerra\codigo\flet\.venv\Lib\site-packages\flet_desktop\app\flet\flet.exe
2026-01-30 21:48:30,785 | INFO | flet | App session started
2026-01-30 21:48:30,807 | INFO | App | Base de datos inicializada
2026-01-30 21:48:30,823 | INFO | Router | Navigating to: /
2026-01-30 21:48:30,840 | INFO | App | Aplicação iniciada com sucesso
2026-01-30 21:48:34,087 | INFO | Router | Navigating to: /family
2026-01-30 21:49:50,875 | INFO | flet | Assets path configured: C:\Users\cerra\codigo\flet\assets
2026-01-30 21:49:50,877 | INFO | flet | Starting up TCP server on localhost:54866
2026-01-30 21:49:50,898 | INFO | flet | Flet app has started...
2026-01-30 21:49:50,904 | INFO | flet | App URL: tcp://localhost:54866
2026-01-30 21:49:50,906 | INFO | flet_desktop | Starting Flet View app...
2026-01-30 21:49:50,908 | INFO | flet_desktop | Looking for Flet executable at: C:\Users\cerra\codigo\flet\.venv\Lib\site-packages\flet_desktop\app\flet\flet.exe
2026-01-30 21:49:50,908 | INFO | flet_desktop | Flet View found in: C:\Users\cerra\codigo\flet\.venv\Lib\site-packages\flet_desktop\app\flet\flet.exe
2026-01-30 21:49:51,316 | INFO | flet | App session started
2026-01-30 21:49:51,334 | INFO | App | Base de datos inicializada
2026-01-30 21:49:51,348 | INFO | Router | Navigating to: /
2026-01-30 21:49:51,370 | INFO | App | Aplicação iniciada com sucesso
2026-01-30 21:49:55,097 | INFO | Router | Navigating to: /family
2026-01-30 21:55:32,221 | INFO | flet | Assets path configured: C:\Users\cerra\codigo\flet\assets
2026-01-30 21:55:32,222 | INFO | flet | Starting up TCP server on localhost:64921
2026-01-30 21:55:32,236 | INFO | flet | Flet app has started...
2026-01-30 21:55:32,246 | INFO | flet | App URL: tcp://localhost:64921
2026-01-30 21:55:32,247 | INFO | flet_desktop | Starting Flet View app...
2026-01-30 21:55:32,249 | INFO | flet_desktop | Looking for Flet executable at: C:\Users\cerra\codigo\flet\.venv\Lib\site-packages\flet_desktop\app\flet\flet.exe
2026-01-30 21:55:32,249 | INFO | flet_desktop | Flet View found in: C:\Users\cerra\codigo\flet\.venv\Lib\site-packages\flet_desktop\app\flet\flet.exe
2026-01-30 21:55:32,986 | INFO | flet | App session started
2026-01-30 21:55:33,016 | INFO | App | Base de datos inicializada
2026-01-30 21:55:33,029 | INFO | Router | Navigating to: /
2026-01-30 21:55:33,046 | INFO | App | Aplicação iniciada com sucesso
2026-01-30 21:55:35,904 | INFO | Router | Navigating to: /family
2026-01-30 21:55:36,154 | ERROR | Router | Error rendering view
Traceback (most recent call last):
  File "C:\Users\cerra\codigo\flet\core\router.py", line 29, in navigate
    view = routes[route](self.page, self)
           ^^^^^^^^^^^^^^^^^^^^^^^^^^^^^^
  File "C:\Users\cerra\codigo\flet\configs\routes.py", line 73, in <lambda>
    return lambda page, router: load_view(path)(page, router).render()
                                ^^^^^^^^^^^^^^^^^^^^^^^^^^^^^
  File "C:\Users\cerra\codigo\flet\views\pages\family_members_view.py", line 42, in __init__
    self.tipo_ingreso_dropdown = ft.Dropdown(
                                 ^^^^^^^^^^^^
TypeError: Dropdown.__init__() got an unexpected keyword argument 'on_change'
2026-01-30 22:00:15,625 | INFO | flet | Assets path configured: C:\Users\cerra\codigo\flet\assets
2026-01-30 22:00:15,631 | INFO | flet | Starting up TCP server on localhost:53393
2026-01-30 22:00:15,639 | INFO | flet | Flet app has started...
2026-01-30 22:00:15,648 | INFO | flet | App URL: tcp://localhost:53393
2026-01-30 22:00:15,648 | INFO | flet_desktop | Starting Flet View app...
2026-01-30 22:00:15,651 | INFO | flet_desktop | Looking for Flet executable at: C:\Users\cerra\codigo\flet\.venv\Lib\site-packages\flet_desktop\app\flet\flet.exe
2026-01-30 22:00:15,651 | INFO | flet_desktop | Flet View found in: C:\Users\cerra\codigo\flet\.venv\Lib\site-packages\flet_desktop\app\flet\flet.exe
2026-01-30 22:00:16,252 | INFO | flet | App session started
2026-01-30 22:00:16,292 | INFO | App | Base de datos inicializada
2026-01-30 22:00:16,311 | INFO | Router | Navigating to: /
2026-01-30 22:00:16,344 | INFO | App | Aplicação iniciada com sucesso
2026-01-30 22:00:18,514 | INFO | Router | Navigating to: /family
2026-01-30 22:06:05,748 | INFO | flet | Assets path configured: C:\Users\cerra\codigo\flet\assets
2026-01-30 22:06:05,752 | INFO | flet | Starting up TCP server on localhost:53240
2026-01-30 22:06:05,764 | INFO | flet | Flet app has started...
2026-01-30 22:06:05,773 | INFO | flet | App URL: tcp://localhost:53240
2026-01-30 22:06:05,773 | INFO | flet_desktop | Starting Flet View app...
2026-01-30 22:06:05,775 | INFO | flet_desktop | Looking for Flet executable at: C:\Users\cerra\codigo\flet\.venv\Lib\site-packages\flet_desktop\app\flet\flet.exe
2026-01-30 22:06:05,775 | INFO | flet_desktop | Flet View found in: C:\Users\cerra\codigo\flet\.venv\Lib\site-packages\flet_desktop\app\flet\flet.exe
2026-01-30 22:06:06,568 | INFO | flet | App session started
2026-01-30 22:06:06,606 | INFO | App | Base de datos inicializada
2026-01-30 22:06:06,632 | INFO | Router | Navigating to: /
2026-01-30 22:06:06,657 | INFO | App | Aplicação iniciada com sucesso
2026-01-30 22:06:13,314 | INFO | Router | Navigating to: /family
2026-01-30 22:07:35,002 | INFO | Router | Navigating to: /incomes
2026-01-30 22:08:45,695 | INFO | Router | Navigating to: /incomes
2026-01-30 22:08:47,705 | INFO | Router | Navigating to: /family
2026-01-30 22:09:05,600 | INFO | Router | Navigating to: /expenses
2026-01-30 22:10:43,622 | INFO | Router | Navigating to: /family
2026-01-30 22:11:02,157 | INFO | Router | Navigating to: /expenses
2026-01-30 22:19:53,838 | INFO | flet | Assets path configured: C:\Users\cerra\codigo\flet\assets
2026-01-30 22:19:53,841 | INFO | flet | Starting up TCP server on localhost:49768
2026-01-30 22:19:53,850 | INFO | flet | Flet app has started...
2026-01-30 22:19:53,856 | INFO | flet | App URL: tcp://localhost:49768
2026-01-30 22:19:53,858 | INFO | flet_desktop | Starting Flet View app...
2026-01-30 22:19:53,859 | INFO | flet_desktop | Looking for Flet executable at: C:\Users\cerra\codigo\flet\.venv\Lib\site-packages\flet_desktop\app\flet\flet.exe
2026-01-30 22:19:53,859 | INFO | flet_desktop | Flet View found in: C:\Users\cerra\codigo\flet\.venv\Lib\site-packages\flet_desktop\app\flet\flet.exe
2026-01-30 22:19:54,285 | INFO | flet | App session started
2026-01-30 22:19:54,315 | INFO | App | Base de datos inicializada
2026-01-30 22:19:54,328 | INFO | Router | Navigating to: /
2026-01-30 22:19:54,347 | INFO | App | Aplicação iniciada com sucesso
2026-01-30 22:20:07,045 | INFO | Router | Navigating to: /family
2026-01-30 22:24:37,560 | INFO | flet | Assets path configured: C:\Users\cerra\codigo\flet\assets
2026-01-30 22:24:37,563 | INFO | flet | Starting up TCP server on localhost:50128
2026-01-30 22:24:37,569 | INFO | flet | Flet app has started...
2026-01-30 22:24:37,576 | INFO | flet | App URL: tcp://localhost:50128
2026-01-30 22:24:37,576 | INFO | flet_desktop | Starting Flet View app...
2026-01-30 22:24:37,577 | INFO | flet_desktop | Looking for Flet executable at: C:\Users\cerra\codigo\flet\.venv\Lib\site-packages\flet_desktop\app\flet\flet.exe
2026-01-30 22:24:37,578 | INFO | flet_desktop | Flet View found in: C:\Users\cerra\codigo\flet\.venv\Lib\site-packages\flet_desktop\app\flet\flet.exe
2026-01-30 22:24:37,833 | INFO | flet | App session started
2026-01-30 22:24:37,848 | INFO | App | Base de datos inicializada
2026-01-30 22:24:37,863 | INFO | Router | Navigating to: /
2026-01-30 22:24:37,886 | INFO | App | Aplicação iniciada com sucesso
2026-01-30 22:24:41,345 | INFO | Router | Navigating to: /family
2026-01-30 22:25:19,365 | INFO | Router | Navigating to: /incomes
2026-01-30 22:29:50,829 | INFO | flet | Assets path configured: C:\Users\cerra\codigo\flet\assets
2026-01-30 22:29:50,833 | INFO | flet | Starting up TCP server on localhost:49246
2026-01-30 22:29:50,849 | INFO | flet | Flet app has started...
2026-01-30 22:29:50,857 | INFO | flet | App URL: tcp://localhost:49246
2026-01-30 22:29:50,857 | INFO | flet_desktop | Starting Flet View app...
2026-01-30 22:29:50,858 | INFO | flet_desktop | Looking for Flet executable at: C:\Users\cerra\codigo\flet\.venv\Lib\site-packages\flet_desktop\app\flet\flet.exe
2026-01-30 22:29:50,860 | INFO | flet_desktop | Flet View found in: C:\Users\cerra\codigo\flet\.venv\Lib\site-packages\flet_desktop\app\flet\flet.exe
2026-01-30 22:29:51,283 | INFO | flet | App session started
2026-01-30 22:29:51,315 | INFO | App | Base de datos inicializada
2026-01-30 22:29:51,337 | INFO | Router | Navigating to: /
2026-01-30 22:29:51,570 | ERROR | Router | Error rendering view
Traceback (most recent call last):
  File "C:\Users\cerra\codigo\flet\core\router.py", line 29, in navigate
    view = routes[route](self.page, self)
           ^^^^^^^^^^^^^^^^^^^^^^^^^^^^^^
  File "C:\Users\cerra\codigo\flet\configs\routes.py", line 89, in <lambda>
    return lambda page, router: load_view(path)(page, router).render()
                                ^^^^^^^^^^^^^^^^^^^^^^^^^^^^^^^^^^^^^^
  File "C:\Users\cerra\codigo\flet\views\pages\dashboard_view.py", line 43, in render
    total_gastos = self._get_total_gastos(year, month)
                   ^^^^^^^^^^^^^^^^^^^^^^^^^^^^^^^^^^^
  File "C:\Users\cerra\codigo\flet\views\pages\dashboard_view.py", line 311, in _get_total_gastos
    result = self.expense_controller.get_total_by_month(year, month)
             ^^^^^^^^^^^^^^^^^^^^^^^^^^^^^^^^^^^^^^^^^^
AttributeError: 'ExpenseController' object has no attribute 'get_total_by_month'
2026-01-30 22:29:51,575 | INFO | App | Aplicação iniciada com sucesso
2026-01-30 22:31:07,567 | INFO | flet | Assets path configured: C:\Users\cerra\codigo\flet\assets
2026-01-30 22:31:07,570 | INFO | flet | Starting up TCP server on localhost:49879
2026-01-30 22:31:07,578 | INFO | flet | Flet app has started...
2026-01-30 22:31:07,585 | INFO | flet | App URL: tcp://localhost:49879
2026-01-30 22:31:07,585 | INFO | flet_desktop | Starting Flet View app...
2026-01-30 22:31:07,586 | INFO | flet_desktop | Looking for Flet executable at: C:\Users\cerra\codigo\flet\.venv\Lib\site-packages\flet_desktop\app\flet\flet.exe
2026-01-30 22:31:07,586 | INFO | flet_desktop | Flet View found in: C:\Users\cerra\codigo\flet\.venv\Lib\site-packages\flet_desktop\app\flet\flet.exe
2026-01-30 22:31:07,969 | INFO | flet | App session started
2026-01-30 22:31:08,002 | INFO | App | Base de datos inicializada
2026-01-30 22:31:08,020 | INFO | Router | Navigating to: /
2026-01-30 22:31:08,331 | ERROR | Router | Error rendering view
Traceback (most recent call last):
  File "C:\Users\cerra\codigo\flet\core\router.py", line 29, in navigate
    view = routes[route](self.page, self)
           ^^^^^^^^^^^^^^^^^^^^^^^^^^^^^^
  File "C:\Users\cerra\codigo\flet\configs\routes.py", line 89, in <lambda>
    return lambda page, router: load_view(path)(page, router).render()
                                ^^^^^^^^^^^^^^^^^^^^^^^^^^^^^^^^^^^^^^
  File "C:\Users\cerra\codigo\flet\views\pages\dashboard_view.py", line 126, in render
    bgcolor=ft.Colors.SURFACE_VARIANT,
            ^^^^^^^^^^^^^^^^^^^^^^^^^
  File "C:\Users\cerra\codigo\flet\.venv\Lib\site-packages\flet\utils\deprecated_enum.py", line 34, in __getattr__
    return super().__getattr__(name)
           ^^^^^^^^^^^^^^^^^^^
AttributeError: 'super' object has no attribute '__getattr__'. Did you mean: '__setattr__'?
2026-01-30 22:31:08,337 | INFO | App | Aplicação iniciada com sucesso
2026-01-30 22:31:38,279 | INFO | flet | Assets path configured: C:\Users\cerra\codigo\flet\assets
2026-01-30 22:31:38,281 | INFO | flet | Starting up TCP server on localhost:49941
2026-01-30 22:31:38,289 | INFO | flet | Flet app has started...
2026-01-30 22:31:38,296 | INFO | flet | App URL: tcp://localhost:49941
2026-01-30 22:31:38,296 | INFO | flet_desktop | Starting Flet View app...
2026-01-30 22:31:38,298 | INFO | flet_desktop | Looking for Flet executable at: C:\Users\cerra\codigo\flet\.venv\Lib\site-packages\flet_desktop\app\flet\flet.exe
2026-01-30 22:31:38,298 | INFO | flet_desktop | Flet View found in: C:\Users\cerra\codigo\flet\.venv\Lib\site-packages\flet_desktop\app\flet\flet.exe
2026-01-30 22:31:38,575 | INFO | flet | App session started
2026-01-30 22:31:38,591 | INFO | App | Base de datos inicializada
2026-01-30 22:31:38,605 | INFO | Router | Navigating to: /
2026-01-30 22:31:38,806 | INFO | App | Aplicação iniciada com sucesso
2026-01-30 22:33:05,135 | INFO | Router | Navigating to: /
2026-01-30 22:33:06,215 | INFO | Router | Navigating to: /family
2026-01-30 22:33:07,577 | INFO | Router | Navigating to: /incomes
2026-01-30 22:33:09,115 | INFO | Router | Navigating to: /expenses
2026-01-30 22:34:02,642 | INFO | Router | Navigating to: /family
2026-01-30 22:53:10,114 | INFO | flet | Assets path configured: C:\Users\cerra\codigo\flet\assets
2026-01-30 22:53:10,118 | INFO | flet | Starting up TCP server on localhost:53101
2026-01-30 22:53:10,130 | INFO | flet | Flet app has started...
2026-01-30 22:53:10,138 | INFO | flet | App URL: tcp://localhost:53101
2026-01-30 22:53:10,138 | INFO | flet_desktop | Starting Flet View app...
2026-01-30 22:53:10,140 | INFO | flet_desktop | Looking for Flet executable at: C:\Users\cerra\codigo\flet\.venv\Lib\site-packages\flet_desktop\app\flet\flet.exe
2026-01-30 22:53:10,140 | INFO | flet_desktop | Flet View found in: C:\Users\cerra\codigo\flet\.venv\Lib\site-packages\flet_desktop\app\flet\flet.exe
2026-01-30 22:53:10,983 | INFO | flet | App session started
2026-01-30 22:53:11,014 | INFO | App | Base de datos inicializada
2026-01-30 22:53:11,034 | INFO | Router | Navigating to: /
2026-01-30 22:53:11,306 | INFO | App | Aplicação iniciada com sucesso
2026-01-30 22:53:15,049 | INFO | Router | Navigating to: /family
2026-01-30 22:53:17,058 | INFO | Router | Navigating to: /incomes
2026-01-30 22:53:18,597 | INFO | Router | Navigating to: /expenses
2026-01-30 22:53:20,891 | INFO | Router | Navigating to: /
2026-01-30 22:56:15,008 | INFO | flet | Assets path configured: C:\Users\cerra\codigo\flet\assets
2026-01-30 22:56:15,010 | INFO | flet | Starting up TCP server on localhost:52781
2026-01-30 22:56:15,020 | INFO | flet | Flet app has started...
2026-01-30 22:56:15,027 | INFO | flet | App URL: tcp://localhost:52781
2026-01-30 22:56:15,027 | INFO | flet_desktop | Starting Flet View app...
2026-01-30 22:56:15,029 | INFO | flet_desktop | Looking for Flet executable at: C:\Users\cerra\codigo\flet\.venv\Lib\site-packages\flet_desktop\app\flet\flet.exe
2026-01-30 22:56:15,029 | INFO | flet_desktop | Flet View found in: C:\Users\cerra\codigo\flet\.venv\Lib\site-packages\flet_desktop\app\flet\flet.exe
2026-01-30 22:56:15,418 | INFO | flet | App session started
2026-01-30 22:56:15,454 | INFO | App | Base de datos inicializada
2026-01-30 22:56:15,477 | INFO | Router | Navigating to: /
2026-01-30 22:56:15,725 | INFO | App | Aplicação iniciada com sucesso
2026-01-30 22:56:18,172 | INFO | Router | Navigating to: /family
2026-01-30 22:56:21,076 | INFO | Router | Navigating to: /incomes
2026-01-30 22:56:22,935 | INFO | Router | Navigating to: /expenses
2026-01-30 22:56:40,919 | INFO | Router | Navigating to: /family
2026-01-30 22:56:42,610 | INFO | Router | Navigating to: /incomes
2026-01-30 22:56:44,046 | INFO | Router | Navigating to: /expenses
2026-01-30 23:10:46,555 | INFO | flet | Assets path configured: C:\Users\cerra\codigo\flet\assets
2026-01-30 23:10:46,555 | INFO | flet | Starting up TCP server on localhost:59888
2026-01-30 23:10:46,568 | INFO | flet | Flet app has started...
2026-01-30 23:10:46,572 | INFO | flet | App URL: tcp://localhost:59888
2026-01-30 23:10:46,572 | INFO | flet_desktop | Starting Flet View app...
2026-01-30 23:10:46,575 | INFO | flet_desktop | Looking for Flet executable at: C:\Users\cerra\codigo\flet\.venv\Lib\site-packages\flet_desktop\app\flet\flet.exe
2026-01-30 23:10:46,576 | INFO | flet_desktop | Flet View found in: C:\Users\cerra\codigo\flet\.venv\Lib\site-packages\flet_desktop\app\flet\flet.exe
2026-01-30 23:10:46,879 | INFO | flet | App session started
2026-01-30 23:10:46,901 | INFO | App | Base de datos inicializada
2026-01-30 23:10:46,913 | INFO | Router | Navigating to: /
2026-01-30 23:10:47,107 | INFO | App | Aplicação iniciada com sucesso
2026-01-30 23:11:18,959 | INFO | Router | Navigating to: /family
2026-01-30 23:12:13,060 | INFO | Router | Navigating to: /incomes
2026-01-30 23:12:48,563 | INFO | Router | Navigating to: /expenses
2026-01-30 23:15:52,266 | INFO | Router | Navigating to: /
2026-01-30 23:15:59,450 | INFO | Router | Navigating to: /family
2026-01-30 23:16:09,598 | INFO | Router | Navigating to: /incomes
2026-01-30 23:16:23,636 | INFO | Router | Navigating to: /expenses
2026-01-30 23:17:11,385 | INFO | Router | Navigating to: /settings
2026-01-30 23:17:25,188 | INFO | Router | Navigating to: /expenses
2026-01-30 23:17:33,206 | INFO | Router | Navigating to: /family
2026-01-30 23:18:03,282 | INFO | Router | Navigating to: /family
2026-01-30 23:18:05,202 | INFO | Router | Navigating to: /incomes
2026-01-30 23:18:39,504 | INFO | Router | Navigating to: /expenses
2026-01-30 23:24:59,849 | INFO | Router | Navigating to: /family
2026-01-30 23:25:05,100 | INFO | Router | Navigating to: /incomes
2026-01-30 23:25:09,619 | INFO | Router | Navigating to: /expenses
2026-01-30 23:25:21,768 | INFO | Router | Navigating to: /family
2026-01-30 23:25:24,246 | INFO | Router | Navigating to: /incomes
2026-01-30 23:25:26,131 | INFO | Router | Navigating to: /expenses
2026-01-30 23:25:28,557 | INFO | Router | Navigating to: /
2026-01-30 23:25:33,784 | INFO | Router | Navigating to: /family
2026-01-30 23:26:25,549 | INFO | Router | Navigating to: /
2026-01-30 23:27:04,421 | INFO | Router | Navigating to: /
2026-01-30 23:29:40,815 | INFO | Router | Navigating to: /incomes
2026-01-30 23:31:49,137 | INFO | Router | Navigating to: /expenses
2026-01-30 23:34:04,667 | INFO | Router | Navigating to: /family
2026-01-30 23:34:09,778 | INFO | Router | Navigating to: /expenses
2026-01-30 23:34:13,230 | INFO | Router | Navigating to: /family
2026-01-30 23:34:55,635 | INFO | Router | Navigating to: /
2026-01-31 15:33:30,081 | INFO | flet | Assets path configured: C:\Users\cerra\codigo\flet\assets
2026-01-31 15:33:30,082 | INFO | flet | Starting up TCP server on localhost:50306
2026-01-31 15:33:30,093 | INFO | flet | Flet app has started...
2026-01-31 15:33:30,098 | INFO | flet | App URL: tcp://localhost:50306
2026-01-31 15:33:30,099 | INFO | flet_desktop | Starting Flet View app...
2026-01-31 15:33:30,101 | INFO | flet_desktop | Looking for Flet executable at: C:\Users\cerra\codigo\flet\.venv\Lib\site-packages\flet_desktop\app\flet\flet.exe
2026-01-31 15:33:30,102 | INFO | flet_desktop | Flet View found in: C:\Users\cerra\codigo\flet\.venv\Lib\site-packages\flet_desktop\app\flet\flet.exe
2026-01-31 15:33:31,649 | INFO | flet | App session started
2026-01-31 15:33:31,682 | INFO | App | Base de datos inicializada
2026-01-31 15:33:31,721 | INFO | Router | Navigating to: /
2026-01-31 15:33:32,201 | INFO | App | Aplicação iniciada com sucesso
2026-01-31 15:35:22,859 | INFO | flet | Assets path configured: C:\Users\cerra\codigo\flet\assets
2026-01-31 15:35:22,863 | INFO | flet | Starting up TCP server on localhost:60094
2026-01-31 15:35:22,868 | INFO | flet | Flet app has started...
2026-01-31 15:35:22,874 | INFO | flet | App URL: tcp://localhost:60094
2026-01-31 15:35:22,874 | INFO | flet_desktop | Starting Flet View app...
2026-01-31 15:35:22,876 | INFO | flet_desktop | Looking for Flet executable at: C:\Users\cerra\codigo\flet\.venv\Lib\site-packages\flet_desktop\app\flet\flet.exe
2026-01-31 15:35:22,876 | INFO | flet_desktop | Flet View found in: C:\Users\cerra\codigo\flet\.venv\Lib\site-packages\flet_desktop\app\flet\flet.exe
2026-01-31 15:35:23,137 | INFO | flet | App session started
2026-01-31 15:35:23,150 | INFO | App | Base de datos inicializada
2026-01-31 15:35:23,164 | INFO | Router | Navigating to: /
2026-01-31 15:35:23,346 | INFO | App | Aplicação iniciada com sucesso
2026-01-31 15:36:56,832 | INFO | flet | Assets path configured: C:\Users\cerra\codigo\flet\assets
2026-01-31 15:36:56,834 | INFO | flet | Starting up TCP server on localhost:51968
2026-01-31 15:36:56,841 | INFO | flet | Flet app has started...
2026-01-31 15:36:56,845 | INFO | flet | App URL: tcp://localhost:51968
2026-01-31 15:36:56,845 | INFO | flet_desktop | Starting Flet View app...
2026-01-31 15:36:56,847 | INFO | flet_desktop | Looking for Flet executable at: C:\Users\cerra\codigo\flet\.venv\Lib\site-packages\flet_desktop\app\flet\flet.exe
2026-01-31 15:36:56,847 | INFO | flet_desktop | Flet View found in: C:\Users\cerra\codigo\flet\.venv\Lib\site-packages\flet_desktop\app\flet\flet.exe
2026-01-31 15:36:57,355 | INFO | flet | App session started
2026-01-31 15:36:57,368 | INFO | App | Base de datos inicializada
2026-01-31 15:36:57,377 | INFO | Router | Navigating to: /
2026-01-31 15:36:57,521 | INFO | App | Aplicação iniciada com sucesso
2026-01-31 16:46:52,943 | INFO | flet | Assets path configured: C:\Users\cerra\codigo\flet\assets
2026-01-31 16:46:52,946 | INFO | flet | Starting up TCP server on localhost:62176
2026-01-31 16:46:52,963 | INFO | flet | Flet app has started...
2026-01-31 16:46:54,032 | INFO | flet | App URL: tcp://localhost:62176
2026-01-31 16:46:54,032 | INFO | flet_desktop | Starting Flet View app...
2026-01-31 16:46:54,034 | INFO | flet_desktop | Looking for Flet executable at: C:\Users\cerra\codigo\flet\.venv\Lib\site-packages\flet_desktop\app\flet\flet.exe
2026-01-31 16:46:54,035 | INFO | flet_desktop | Flet View found in: C:\Users\cerra\codigo\flet\.venv\Lib\site-packages\flet_desktop\app\flet\flet.exe
2026-01-31 16:46:56,214 | INFO | flet | App session started
2026-01-31 16:46:56,244 | INFO | App | Base de datos inicializada
2026-01-31 16:46:56,695 | ERROR | ErrorHandler | Global error caught
Traceback (most recent call last):
  File "C:\Users\cerra\codigo\flet\main.py", line 73, in main
    if SessionManager.is_logged_in(page):
       ^^^^^^^^^^^^^^^^^^^^^^^^^^^^^^^^^
  File "C:\Users\cerra\codigo\flet\core\session.py", line 31, in is_logged_in
    return page.session.contains_key(SessionManager.SESSION_KEY_USER_ID)
           ^^^^^^^^^^^^^^^^^^^^^^^^^
AttributeError: 'Session' object has no attribute 'contains_key'
2026-01-31 16:48:47,149 | INFO | flet | Assets path configured: C:\Users\cerra\codigo\flet\assets
2026-01-31 16:48:47,151 | INFO | flet | Starting up TCP server on localhost:53000
2026-01-31 16:48:47,160 | INFO | flet | Flet app has started...
2026-01-31 16:48:47,169 | INFO | flet | App URL: tcp://localhost:53000
2026-01-31 16:48:47,170 | INFO | flet_desktop | Starting Flet View app...
2026-01-31 16:48:47,175 | INFO | flet_desktop | Looking for Flet executable at: C:\Users\cerra\codigo\flet\.venv\Lib\site-packages\flet_desktop\app\flet\flet.exe
2026-01-31 16:48:47,175 | INFO | flet_desktop | Flet View found in: C:\Users\cerra\codigo\flet\.venv\Lib\site-packages\flet_desktop\app\flet\flet.exe
2026-01-31 16:48:47,489 | INFO | flet | App session started
2026-01-31 16:48:47,505 | INFO | App | Base de datos inicializada
2026-01-31 16:48:47,632 | ERROR | ErrorHandler | Global error caught
Traceback (most recent call last):
  File "C:\Users\cerra\codigo\flet\main.py", line 73, in main
    if SessionManager.is_logged_in(page):
       ^^^^^^^^^^^^^^^^^^^^^^^^^^^^^^^^^
  File "C:\Users\cerra\codigo\flet\core\session.py", line 31, in is_logged_in
    user_id = page.session.get(SessionManager.SESSION_KEY_USER_ID)
              ^^^^^^^^^^^^^^^^
AttributeError: 'Session' object has no attribute 'get'
2026-01-31 16:50:03,912 | INFO | flet | Assets path configured: C:\Users\cerra\codigo\flet\assets
2026-01-31 16:50:03,914 | INFO | flet | Starting up TCP server on localhost:63185
2026-01-31 16:50:03,930 | INFO | flet | Flet app has started...
2026-01-31 16:50:03,937 | INFO | flet | App URL: tcp://localhost:63185
2026-01-31 16:50:03,937 | INFO | flet_desktop | Starting Flet View app...
2026-01-31 16:50:03,939 | INFO | flet_desktop | Looking for Flet executable at: C:\Users\cerra\codigo\flet\.venv\Lib\site-packages\flet_desktop\app\flet\flet.exe
2026-01-31 16:50:03,941 | INFO | flet_desktop | Flet View found in: C:\Users\cerra\codigo\flet\.venv\Lib\site-packages\flet_desktop\app\flet\flet.exe
2026-01-31 16:50:04,392 | INFO | flet | App session started
2026-01-31 16:50:04,410 | INFO | App | Base de datos inicializada
2026-01-31 16:50:04,565 | ERROR | ErrorHandler | Global error caught
Traceback (most recent call last):
  File "C:\Users\cerra\codigo\flet\main.py", line 73, in main
    if SessionManager.is_logged_in(page):
       ^^^^^^^^^^^^^^^^^^^^^^^^^^^^^^^^^
  File "C:\Users\cerra\codigo\flet\core\session.py", line 31, in is_logged_in
    return SessionManager.SESSION_KEY_USER_ID in page.session
           ^^^^^^^^^^^^^^^^^^^^^^^^^^^^^^^^^^^^^^^^^^^^^^^^^^
TypeError: argument of type 'Session' is not iterable
2026-01-31 16:50:37,159 | INFO | flet | Assets path configured: C:\Users\cerra\codigo\flet\assets
2026-01-31 16:50:37,164 | INFO | flet | Starting up TCP server on localhost:51119
2026-01-31 16:50:37,188 | INFO | flet | Flet app has started...
2026-01-31 16:50:37,195 | INFO | flet | App URL: tcp://localhost:51119
2026-01-31 16:50:37,196 | INFO | flet_desktop | Starting Flet View app...
2026-01-31 16:50:37,197 | INFO | flet_desktop | Looking for Flet executable at: C:\Users\cerra\codigo\flet\.venv\Lib\site-packages\flet_desktop\app\flet\flet.exe
2026-01-31 16:50:37,197 | INFO | flet_desktop | Flet View found in: C:\Users\cerra\codigo\flet\.venv\Lib\site-packages\flet_desktop\app\flet\flet.exe
2026-01-31 16:50:37,562 | INFO | flet | App session started
2026-01-31 16:50:37,585 | INFO | App | Base de datos inicializada
2026-01-31 16:50:37,733 | INFO | Router | Navigating to: /login
2026-01-31 16:50:37,787 | ERROR | Router | Error rendering view
Traceback (most recent call last):
  File "C:\Users\cerra\codigo\flet\core\router.py", line 29, in navigate
    view = routes[route](self.page, self)
           ^^^^^^^^^^^^^^^^^^^^^^^^^^^^^^
  File "C:\Users\cerra\codigo\flet\configs\routes.py", line 97, in <lambda>
    return lambda page, router: load_view(path)(page, router).render()
                                ^^^^^^^^^^^^^^^^^^^^^^^^^^^^^
TypeError: LoginView.__init__() takes 2 positional arguments but 3 were given
2026-01-31 16:50:37,790 | INFO | App | Aplicação iniciada com sucesso
2026-01-31 16:51:03,764 | INFO | flet | Assets path configured: C:\Users\cerra\codigo\flet\assets
2026-01-31 16:51:03,766 | INFO | flet | Starting up TCP server on localhost:51168
2026-01-31 16:51:03,777 | INFO | flet | Flet app has started...
2026-01-31 16:51:03,782 | INFO | flet | App URL: tcp://localhost:51168
2026-01-31 16:51:03,785 | INFO | flet_desktop | Starting Flet View app...
2026-01-31 16:51:03,787 | INFO | flet_desktop | Looking for Flet executable at: C:\Users\cerra\codigo\flet\.venv\Lib\site-packages\flet_desktop\app\flet\flet.exe
2026-01-31 16:51:03,789 | INFO | flet_desktop | Flet View found in: C:\Users\cerra\codigo\flet\.venv\Lib\site-packages\flet_desktop\app\flet\flet.exe
2026-01-31 16:51:04,119 | INFO | flet | App session started
2026-01-31 16:51:04,138 | INFO | App | Base de datos inicializada
2026-01-31 16:51:04,287 | INFO | Router | Navigating to: /login
2026-01-31 16:51:04,317 | ERROR | Router | Error rendering view
Traceback (most recent call last):
  File "C:\Users\cerra\codigo\flet\core\router.py", line 29, in navigate
    view = routes[route](self.page, self)
           ^^^^^^^^^^^^^^^^^^^^^^^^^^^^^^
  File "C:\Users\cerra\codigo\flet\configs\routes.py", line 97, in <lambda>
    return lambda page, router: load_view(path)(page, router).render()
                                ^^^^^^^^^^^^^^^^^^^^^^^^^^^^^
  File "C:\Users\cerra\codigo\flet\views\pages\login_view.py", line 44, in __init__
    self.login_button = ft.ElevatedButton(
                        ^^^^^^^^^^^^^^^^^^
  File "C:\Users\cerra\codigo\flet\.venv\Lib\site-packages\flet\utils\deprecated.py", line 60, in new_init
    orig_init(self, *args, **kwargs)
TypeError: Button.__init__() got an unexpected keyword argument 'text'
2026-01-31 16:51:04,320 | INFO | App | Aplicação iniciada com sucesso
2026-01-31 16:51:30,484 | INFO | flet | Assets path configured: C:\Users\cerra\codigo\flet\assets
2026-01-31 16:51:30,486 | INFO | flet | Starting up TCP server on localhost:51215
2026-01-31 16:51:30,502 | INFO | flet | Flet app has started...
2026-01-31 16:51:30,510 | INFO | flet | App URL: tcp://localhost:51215
2026-01-31 16:51:30,511 | INFO | flet_desktop | Starting Flet View app...
2026-01-31 16:51:30,512 | INFO | flet_desktop | Looking for Flet executable at: C:\Users\cerra\codigo\flet\.venv\Lib\site-packages\flet_desktop\app\flet\flet.exe
2026-01-31 16:51:30,514 | INFO | flet_desktop | Flet View found in: C:\Users\cerra\codigo\flet\.venv\Lib\site-packages\flet_desktop\app\flet\flet.exe
2026-01-31 16:51:30,849 | INFO | flet | App session started
2026-01-31 16:51:30,868 | INFO | App | Base de datos inicializada
2026-01-31 16:51:31,006 | INFO | Router | Navigating to: /login
2026-01-31 16:51:31,039 | INFO | App | Aplicação iniciada com sucesso
2026-01-31 16:54:35,844 | ERROR | flet | Unhandled error in 'on_click' handler
Traceback (most recent call last):
  File "C:\Users\cerra\codigo\flet\.venv\Lib\site-packages\flet\messaging\session.py", line 194, in dispatch_event
    await control._trigger_event(event_name, event_data)
  File "C:\Users\cerra\codigo\flet\.venv\Lib\site-packages\flet\controls\base_control.py", line 344, in _trigger_event
    event_handler(e)
  File "C:\Users\cerra\codigo\flet\views\pages\login_view.py", line 182, in _on_login
    SessionManager.login(self.page, user)
  File "C:\Users\cerra\codigo\flet\core\session.py", line 19, in login
    page.session[SessionManager.SESSION_KEY_USER_ID] = user.id
    ~~~~~~~~~~~~^^^^^^^^^^^^^^^^^^^^^^^^^^^^^^^^^^^^
TypeError: 'Session' object does not support item assignment
2026-01-31 16:56:09,600 | INFO | flet | Assets path configured: C:\Users\cerra\codigo\flet\assets
2026-01-31 16:56:09,602 | INFO | flet | Starting up TCP server on localhost:64958
2026-01-31 16:56:09,617 | INFO | flet | Flet app has started...
2026-01-31 16:56:09,623 | INFO | flet | App URL: tcp://localhost:64958
2026-01-31 16:56:09,624 | INFO | flet_desktop | Starting Flet View app...
2026-01-31 16:56:09,625 | INFO | flet_desktop | Looking for Flet executable at: C:\Users\cerra\codigo\flet\.venv\Lib\site-packages\flet_desktop\app\flet\flet.exe
2026-01-31 16:56:09,625 | INFO | flet_desktop | Flet View found in: C:\Users\cerra\codigo\flet\.venv\Lib\site-packages\flet_desktop\app\flet\flet.exe
2026-01-31 16:56:10,018 | INFO | flet | App session started
2026-01-31 16:56:10,048 | INFO | App | Base de datos inicializada
2026-01-31 16:56:10,313 | INFO | Router | Navigating to: /login
2026-01-31 16:56:10,361 | INFO | App | Aplicação iniciada com sucesso
2026-01-31 16:56:25,608 | ERROR | flet | Unhandled error in 'on_click' handler
Traceback (most recent call last):
  File "C:\Users\cerra\codigo\flet\.venv\Lib\site-packages\flet\messaging\session.py", line 194, in dispatch_event
    await control._trigger_event(event_name, event_data)
  File "C:\Users\cerra\codigo\flet\.venv\Lib\site-packages\flet\controls\base_control.py", line 344, in _trigger_event
    event_handler(e)
  File "C:\Users\cerra\codigo\flet\views\pages\login_view.py", line 182, in _on_login
    SessionManager.login(self.page, user)
  File "C:\Users\cerra\codigo\flet\core\session.py", line 19, in login
    page.session[SessionManager.SESSION_KEY_USER_ID] = user.id
    ~~~~~~~~~~~~^^^^^^^^^^^^^^^^^^^^^^^^^^^^^^^^^^^^
TypeError: 'Session' object does not support item assignment
2026-01-31 16:57:01,805 | INFO | flet | Assets path configured: C:\Users\cerra\codigo\flet\assets
2026-01-31 16:57:01,807 | INFO | flet | Starting up TCP server on localhost:54059
2026-01-31 16:57:01,820 | INFO | flet | Flet app has started...
2026-01-31 16:57:01,827 | INFO | flet | App URL: tcp://localhost:54059
2026-01-31 16:57:01,827 | INFO | flet_desktop | Starting Flet View app...
2026-01-31 16:57:01,831 | INFO | flet_desktop | Looking for Flet executable at: C:\Users\cerra\codigo\flet\.venv\Lib\site-packages\flet_desktop\app\flet\flet.exe
2026-01-31 16:57:01,831 | INFO | flet_desktop | Flet View found in: C:\Users\cerra\codigo\flet\.venv\Lib\site-packages\flet_desktop\app\flet\flet.exe
2026-01-31 16:57:02,137 | INFO | flet | App session started
2026-01-31 16:57:02,153 | INFO | App | Base de datos inicializada
2026-01-31 16:57:02,274 | INFO | Router | Navigating to: /login
2026-01-31 16:57:02,304 | INFO | App | Aplicação iniciada com sucesso
2026-01-31 16:57:30,340 | ERROR | flet | Unhandled error in 'on_click' handler
Traceback (most recent call last):
  File "C:\Users\cerra\codigo\flet\.venv\Lib\site-packages\flet\messaging\session.py", line 194, in dispatch_event
    await control._trigger_event(event_name, event_data)
  File "C:\Users\cerra\codigo\flet\.venv\Lib\site-packages\flet\controls\base_control.py", line 344, in _trigger_event
    event_handler(e)
  File "C:\Users\cerra\codigo\flet\views\pages\login_view.py", line 182, in _on_login
    SessionManager.login(self.page, user)
  File "C:\Users\cerra\codigo\flet\core\session.py", line 19, in login
    page.session[SessionManager.SESSION_KEY_USER_ID] = user.id
    ~~~~~~~~~~~~^^^^^^^^^^^^^^^^^^^^^^^^^^^^^^^^^^^^
TypeError: 'Session' object does not support item assignment
2026-01-31 16:59:33,529 | INFO | flet | Assets path configured: C:\Users\cerra\codigo\flet\assets
2026-01-31 16:59:33,531 | INFO | flet | Starting up TCP server on localhost:57132
2026-01-31 16:59:33,541 | INFO | flet | Flet app has started...
2026-01-31 16:59:33,548 | INFO | flet | App URL: tcp://localhost:57132
2026-01-31 16:59:33,548 | INFO | flet_desktop | Starting Flet View app...
2026-01-31 16:59:33,548 | INFO | flet_desktop | Looking for Flet executable at: C:\Users\cerra\codigo\flet\.venv\Lib\site-packages\flet_desktop\app\flet\flet.exe
2026-01-31 16:59:33,548 | INFO | flet_desktop | Flet View found in: C:\Users\cerra\codigo\flet\.venv\Lib\site-packages\flet_desktop\app\flet\flet.exe
2026-01-31 16:59:33,839 | INFO | flet | App session started
2026-01-31 16:59:33,853 | INFO | App | Base de datos inicializada
2026-01-31 16:59:33,977 | ERROR | ErrorHandler | Global error caught
Traceback (most recent call last):
  File "C:\Users\cerra\codigo\flet\main.py", line 73, in main
    if SessionManager.is_logged_in(page):
       ^^^^^^^^^^^^^^^^^^^^^^^^^^^^^^^^^
  File "C:\Users\cerra\codigo\flet\core\session.py", line 33, in is_logged_in
    user_id = page.client_storage.get(SessionManager.SESSION_KEY_USER_ID)
              ^^^^^^^^^^^^^^^^^^^
AttributeError: 'Page' object has no attribute 'client_storage'
2026-01-31 17:01:49,851 | INFO | flet | Assets path configured: C:\Users\cerra\codigo\flet\assets
2026-01-31 17:01:49,858 | INFO | flet | Starting up TCP server on localhost:56578
2026-01-31 17:01:49,879 | INFO | flet | Flet app has started...
2026-01-31 17:01:49,886 | INFO | flet | App URL: tcp://localhost:56578
2026-01-31 17:01:49,887 | INFO | flet_desktop | Starting Flet View app...
2026-01-31 17:01:49,889 | INFO | flet_desktop | Looking for Flet executable at: C:\Users\cerra\codigo\flet\.venv\Lib\site-packages\flet_desktop\app\flet\flet.exe
2026-01-31 17:01:49,889 | INFO | flet_desktop | Flet View found in: C:\Users\cerra\codigo\flet\.venv\Lib\site-packages\flet_desktop\app\flet\flet.exe
2026-01-31 17:01:50,159 | INFO | flet | App session started
2026-01-31 17:01:50,174 | INFO | App | Base de datos inicializada
2026-01-31 17:01:50,306 | INFO | Router | Navigating to: /login
2026-01-31 17:01:50,331 | INFO | App | Aplicação iniciada com sucesso
2026-01-31 17:02:06,105 | INFO | Router | Navigating to: /
2026-01-31 17:02:39,912 | INFO | Router | Navigating to: /family
2026-01-31 17:02:45,303 | INFO | Router | Navigating to: /incomes
2026-01-31 17:02:46,717 | INFO | Router | Navigating to: /expenses
2026-01-31 17:07:39,644 | INFO | flet | Assets path configured: C:\Users\cerra\codigo\flet\assets
2026-01-31 17:07:39,647 | INFO | flet | Starting up TCP server on localhost:54202
2026-01-31 17:07:39,658 | INFO | flet | Flet app has started...
2026-01-31 17:07:39,665 | INFO | flet | App URL: tcp://localhost:54202
2026-01-31 17:07:39,668 | INFO | flet_desktop | Starting Flet View app...
2026-01-31 17:07:39,669 | INFO | flet_desktop | Looking for Flet executable at: C:\Users\cerra\codigo\flet\.venv\Lib\site-packages\flet_desktop\app\flet\flet.exe
2026-01-31 17:07:39,670 | INFO | flet_desktop | Flet View found in: C:\Users\cerra\codigo\flet\.venv\Lib\site-packages\flet_desktop\app\flet\flet.exe
2026-01-31 17:07:40,025 | INFO | flet | App session started
2026-01-31 17:07:40,047 | INFO | App | Base de datos inicializada
2026-01-31 17:07:40,202 | INFO | Router | Navigating to: /login
2026-01-31 17:07:40,245 | INFO | App | Aplicação iniciada com sucesso
2026-01-31 17:07:54,714 | INFO | Router | Navigating to: /
2026-01-31 17:12:47,737 | INFO | Router | Navigating to: /login
2026-01-31 17:13:40,072 | INFO | Router | Navigating to: /
2026-01-31 17:13:54,456 | INFO | Router | Navigating to: /family
2026-01-31 17:14:00,436 | INFO | Router | Navigating to: /incomes
2026-01-31 17:14:02,565 | INFO | Router | Navigating to: /expenses
2026-01-31 17:14:05,900 | INFO | Router | Navigating to: /
2026-01-31 17:14:20,072 | INFO | Router | Navigating to: /login
2026-01-31 17:14:41,771 | INFO | Router | Navigating to: /
2026-01-31 17:19:25,216 | INFO | flet | Assets path configured: C:\Users\cerra\codigo\flet\assets
2026-01-31 17:19:25,218 | INFO | flet | Starting up TCP server on localhost:51468
2026-01-31 17:19:25,234 | INFO | flet | Flet app has started...
2026-01-31 17:19:25,243 | INFO | flet | App URL: tcp://localhost:51468
2026-01-31 17:19:25,243 | INFO | flet_desktop | Starting Flet View app...
2026-01-31 17:19:25,245 | INFO | flet_desktop | Looking for Flet executable at: C:\Users\cerra\codigo\flet\.venv\Lib\site-packages\flet_desktop\app\flet\flet.exe
2026-01-31 17:19:25,245 | INFO | flet_desktop | Flet View found in: C:\Users\cerra\codigo\flet\.venv\Lib\site-packages\flet_desktop\app\flet\flet.exe
2026-01-31 17:19:25,555 | INFO | flet | App session started
2026-01-31 17:19:25,578 | INFO | App | Base de datos inicializada
2026-01-31 17:19:25,741 | INFO | Router | Navigating to: /login
2026-01-31 17:19:25,782 | INFO | App | Aplicação iniciada com sucesso
2026-01-31 17:20:51,147 | INFO | flet | Assets path configured: C:\Users\cerra\codigo\flet\assets
2026-01-31 17:20:51,148 | INFO | flet | Starting up TCP server on localhost:61807
2026-01-31 17:20:51,162 | INFO | flet | Flet app has started...
2026-01-31 17:20:51,171 | INFO | flet | App URL: tcp://localhost:61807
2026-01-31 17:20:51,171 | INFO | flet_desktop | Starting Flet View app...
2026-01-31 17:20:51,172 | INFO | flet_desktop | Looking for Flet executable at: C:\Users\cerra\codigo\flet\.venv\Lib\site-packages\flet_desktop\app\flet\flet.exe
2026-01-31 17:20:51,172 | INFO | flet_desktop | Flet View found in: C:\Users\cerra\codigo\flet\.venv\Lib\site-packages\flet_desktop\app\flet\flet.exe
2026-01-31 17:20:51,548 | INFO | flet | App session started
2026-01-31 17:20:51,567 | INFO | App | Base de datos inicializada
2026-01-31 17:20:51,725 | INFO | Router | Navigating to: /login
2026-01-31 17:20:51,763 | INFO | App | Aplicação iniciada com sucesso
2026-01-31 22:37:22,225 | INFO | flet | Assets path configured: C:\Users\cerra\codigo\flet\assets
2026-01-31 22:37:22,227 | INFO | flet | Starting up TCP server on localhost:50900
2026-01-31 22:37:22,236 | INFO | flet | Flet app has started...
2026-01-31 22:37:22,243 | INFO | flet | App URL: tcp://localhost:50900
2026-01-31 22:37:22,243 | INFO | flet_desktop | Starting Flet View app...
2026-01-31 22:37:22,244 | INFO | flet_desktop | Looking for Flet executable at: C:\Users\cerra\codigo\flet\.venv\Lib\site-packages\flet_desktop\app\flet\flet.exe
2026-01-31 22:37:22,245 | INFO | flet_desktop | Flet View found in: C:\Users\cerra\codigo\flet\.venv\Lib\site-packages\flet_desktop\app\flet\flet.exe
2026-01-31 22:37:23,548 | INFO | flet | App session started
2026-01-31 22:37:23,584 | INFO | App | Base de datos inicializada
2026-01-31 22:37:23,852 | INFO | Router | Navigating to: /login
2026-01-31 22:37:23,954 | INFO | App | Aplicação iniciada com sucesso
2026-01-31 22:37:35,787 | ERROR | flet | Unhandled error in 'on_submit' handler
Traceback (most recent call last):
  File "C:\Users\cerra\codigo\flet\.venv\Lib\site-packages\flet\messaging\session.py", line 194, in dispatch_event
    await control._trigger_event(event_name, event_data)
  File "C:\Users\cerra\codigo\flet\.venv\Lib\site-packages\flet\controls\base_control.py", line 344, in _trigger_event
    event_handler(e)
  File "C:\Users\cerra\codigo\flet\views\pages\login_view.py", line 167, in _on_login
    result = self.auth_controller.login(
             ^^^^^^^^^^^^^^^^^^^^^^^^^^^
  File "C:\Users\cerra\codigo\flet\controllers\auth_controller.py", line 38, in login
    return Result.Err(AppError(message=error.message))
           ^^^^^^^^^^
  File "C:\Users\cerra\AppData\Roaming\uv\python\cpython-3.12.12-windows-x86_64-none\Lib\typing.py", line 1212, in __getattr__
    return getattr(self.__origin__, attr)
           ^^^^^^^^^^^^^^^^^^^^^^^^^^^^^^
  File "C:\Users\cerra\AppData\Roaming\uv\python\cpython-3.12.12-windows-x86_64-none\Lib\typing.py", line 489, in __getattr__
    raise AttributeError(item)
AttributeError: Err
2026-01-31 22:37:46,900 | INFO | flet | Assets path configured: C:\Users\cerra\codigo\flet\assets
2026-01-31 22:37:46,902 | INFO | flet | Starting up TCP server on localhost:50937
2026-01-31 22:37:46,910 | INFO | flet | Flet app has started...
2026-01-31 22:37:46,913 | INFO | flet | App URL: tcp://localhost:50937
2026-01-31 22:37:46,914 | INFO | flet_desktop | Starting Flet View app...
2026-01-31 22:37:46,914 | INFO | flet_desktop | Looking for Flet executable at: C:\Users\cerra\codigo\flet\.venv\Lib\site-packages\flet_desktop\app\flet\flet.exe
2026-01-31 22:37:46,914 | INFO | flet_desktop | Flet View found in: C:\Users\cerra\codigo\flet\.venv\Lib\site-packages\flet_desktop\app\flet\flet.exe
2026-01-31 22:37:47,155 | INFO | flet | App session started
2026-01-31 22:37:47,167 | INFO | App | Base de datos inicializada
2026-01-31 22:37:47,264 | INFO | Router | Navigating to: /login
2026-01-31 22:37:47,288 | INFO | App | Aplicação iniciada com sucesso
2026-01-31 22:37:57,567 | INFO | Router | Navigating to: /
2026-01-31 22:38:08,077 | INFO | Router | Navigating to: /family
2026-01-31 22:38:23,419 | INFO | Router | Navigating to: /incomes
2026-01-31 22:38:35,449 | INFO | Router | Navigating to: /expenses
2026-01-31 23:09:38,837 | INFO | flet | Assets path configured: C:\Users\cerra\codigo\flet\assets
2026-01-31 23:09:38,841 | INFO | flet | Starting up TCP server on localhost:49801
2026-01-31 23:09:38,855 | INFO | flet | Flet app has started...
2026-01-31 23:09:38,860 | INFO | flet | App URL: tcp://localhost:49801
2026-01-31 23:09:38,860 | INFO | flet_desktop | Starting Flet View app...
2026-01-31 23:09:38,865 | INFO | flet_desktop | Looking for Flet executable at: C:\Users\cerra\codigo\flet\.venv\Lib\site-packages\flet_desktop\app\flet\flet.exe
2026-01-31 23:09:38,867 | INFO | flet_desktop | Flet View found in: C:\Users\cerra\codigo\flet\.venv\Lib\site-packages\flet_desktop\app\flet\flet.exe
2026-01-31 23:09:41,065 | INFO | flet | App session started
2026-01-31 23:09:41,120 | INFO | App | Base de datos inicializada
2026-01-31 23:09:41,603 | INFO | Router | Navigating to: /login
2026-01-31 23:09:41,761 | INFO | App | Aplicação iniciada com sucesso
2026-01-31 23:09:55,239 | INFO | Router | Navigating to: /
2026-02-01 01:35:16,800 | INFO | flet | Assets path configured: C:\Users\cerra\codigo\flet\assets
2026-02-01 01:35:16,803 | INFO | flet | Starting up TCP server on localhost:52330
2026-02-01 01:35:16,813 | INFO | flet | Flet app has started...
2026-02-01 01:35:17,622 | INFO | flet | App URL: tcp://localhost:52330
2026-02-01 01:35:17,622 | INFO | flet_desktop | Starting Flet View app...
2026-02-01 01:35:17,622 | INFO | flet_desktop | Looking for Flet executable at: C:\Users\cerra\codigo\flet\.venv\Lib\site-packages\flet_desktop\app\flet\flet.exe
2026-02-01 01:35:17,622 | INFO | flet_desktop | Flet View found in: C:\Users\cerra\codigo\flet\.venv\Lib\site-packages\flet_desktop\app\flet\flet.exe
2026-02-01 01:35:19,329 | INFO | flet | App session started
2026-02-01 01:35:19,350 | INFO | App | Base de datos inicializada
2026-02-01 01:35:19,516 | INFO | Router | Navigating to: /login
2026-02-01 01:35:19,552 | INFO | App | Aplicação iniciada com sucesso
2026-02-01 01:37:39,960 | INFO | flet | Assets path configured: C:\Users\cerra\codigo\flet\assets
2026-02-01 01:37:39,962 | INFO | flet | Starting up TCP server on localhost:49863
2026-02-01 01:37:39,971 | INFO | flet | Flet app has started...
2026-02-01 01:37:39,978 | INFO | flet | App URL: tcp://localhost:49863
2026-02-01 01:37:39,979 | INFO | flet_desktop | Starting Flet View app...
2026-02-01 01:37:39,984 | INFO | flet_desktop | Looking for Flet executable at: C:\Users\cerra\codigo\flet\.venv\Lib\site-packages\flet_desktop\app\flet\flet.exe
2026-02-01 01:37:39,984 | INFO | flet_desktop | Flet View found in: C:\Users\cerra\codigo\flet\.venv\Lib\site-packages\flet_desktop\app\flet\flet.exe
2026-02-01 01:37:40,229 | INFO | flet | App session started
2026-02-01 01:37:40,248 | INFO | App | Base de datos inicializada
2026-02-01 01:37:40,345 | INFO | Router | Navigating to: /login
2026-02-01 01:37:40,367 | INFO | App | Aplicação iniciada com sucesso
2026-02-01 01:45:30,165 | INFO | flet | Assets path configured: C:\Users\cerra\codigo\flet\assets
2026-02-01 01:45:30,169 | INFO | flet | Starting up TCP server on localhost:50298
2026-02-01 01:45:30,177 | INFO | flet | Flet app has started...
2026-02-01 01:45:30,183 | INFO | flet | App URL: tcp://localhost:50298
2026-02-01 01:45:30,183 | INFO | flet_desktop | Starting Flet View app...
2026-02-01 01:45:30,185 | INFO | flet_desktop | Looking for Flet executable at: C:\Users\cerra\codigo\flet\.venv\Lib\site-packages\flet_desktop\app\flet\flet.exe
2026-02-01 01:45:30,185 | INFO | flet_desktop | Flet View found in: C:\Users\cerra\codigo\flet\.venv\Lib\site-packages\flet_desktop\app\flet\flet.exe
2026-02-01 01:45:30,508 | INFO | flet | App session started
2026-02-01 01:45:30,525 | INFO | App | Base de datos inicializada
2026-02-01 01:45:30,660 | INFO | Router | Navigating to: /login
2026-02-01 01:45:30,691 | INFO | App | Aplicação iniciada com sucesso
2026-02-01 01:53:18,130 | INFO | flet | Assets path configured: C:\Users\cerra\codigo\flet\assets
2026-02-01 01:53:18,133 | INFO | flet | Starting up TCP server on localhost:49845
2026-02-01 01:53:18,144 | INFO | flet | Flet app has started...
2026-02-01 01:53:18,150 | INFO | flet | App URL: tcp://localhost:49845
2026-02-01 01:53:18,150 | INFO | flet_desktop | Starting Flet View app...
2026-02-01 01:53:18,152 | INFO | flet_desktop | Looking for Flet executable at: C:\Users\cerra\codigo\flet\.venv\Lib\site-packages\flet_desktop\app\flet\flet.exe
2026-02-01 01:53:18,152 | INFO | flet_desktop | Flet View found in: C:\Users\cerra\codigo\flet\.venv\Lib\site-packages\flet_desktop\app\flet\flet.exe
2026-02-01 01:53:18,465 | INFO | flet | App session started
2026-02-01 01:53:18,483 | INFO | App | Base de datos inicializada
2026-02-01 01:53:18,594 | INFO | Router | Navigating to: /login
2026-02-01 01:53:18,616 | INFO | App | Aplicação iniciada com sucesso
2026-02-01 01:53:30,072 | INFO | Router | Navigating to: /
2026-02-01 01:56:00,234 | INFO | Router | Navigating to: /family
2026-02-01 01:56:06,243 | INFO | Router | Navigating to: /incomes
2026-02-01 01:56:08,576 | INFO | Router | Navigating to: /expenses
2026-02-01 01:56:15,232 | INFO | Router | Navigating to: /help
2026-02-01 02:04:00,304 | INFO | Router | Navigating to: /family
2026-02-01 02:04:05,775 | INFO | Router | Navigating to: /incomes
2026-02-01 02:05:13,569 | INFO | Router | Navigating to: /expenses
2026-02-01 02:05:24,687 | INFO | Router | Navigating to: /incomes
2026-02-01 02:07:07,858 | INFO | Router | Navigating to: /
2026-02-01 02:07:17,369 | INFO | Router | Navigating to: /family
2026-02-01 02:07:18,898 | INFO | Router | Navigating to: /incomes
2026-02-01 02:07:21,797 | INFO | Router | Navigating to: /expenses
2026-02-03 22:03:41,563 | INFO | flet | Assets path configured: C:\Users\cerra\codigo\flet\assets
2026-02-03 22:03:41,567 | INFO | flet | Starting up TCP server on localhost:55032
2026-02-03 22:03:41,577 | INFO | flet | Flet app has started...
2026-02-03 22:03:41,584 | INFO | flet | App URL: tcp://localhost:55032
2026-02-03 22:03:41,584 | INFO | flet_desktop | Starting Flet View app...
2026-02-03 22:03:41,585 | INFO | flet_desktop | Looking for Flet executable at: C:\Users\cerra\codigo\flet\.venv\Lib\site-packages\flet_desktop\app\flet\flet.exe
2026-02-03 22:03:41,587 | INFO | flet_desktop | Flet View found in: C:\Users\cerra\codigo\flet\.venv\Lib\site-packages\flet_desktop\app\flet\flet.exe
2026-02-03 22:03:43,026 | INFO | flet | App session started
2026-02-03 22:03:43,067 | INFO | App | Base de datos inicializada
2026-02-03 22:03:43,451 | INFO | Router | Navigating to: /login
2026-02-03 22:03:43,555 | INFO | App | Aplicação iniciada com sucesso
2026-02-03 22:03:54,641 | INFO | Router | Navigating to: /
